<?xml version="1.0" encoding="UTF-8"?>
<!-- Generated by org.testng.reporters.JUnitReportReporter -->
<testsuite hostname="LAPTOP-SF87VG9D" failures="0" tests="1" name="TestRunner.TestRunner" time="10.087" errors="0" timestamp="2023-03-05T16:43:26 IST" skipped="0">
  <testcase classname="TestRunner.TestRunner" name="runScenario" time="10.087"/>
  <system-out/>
</testsuite> <!-- TestRunner.TestRunner -->
